{"numFailedTestSuites":1,"numFailedTests":2,"numPassedTestSuites":2,"numPassedTests":26,"numPendingTestSuites":0,"numPendingTests":0,"numRuntimeErrorTestSuites":0,"numTodoTests":0,"numTotalTestSuites":3,"numTotalTests":28,"openHandles":[],"snapshot":{"added":0,"didUpdate":false,"failure":false,"filesAdded":0,"filesRemoved":0,"filesRemovedList":[],"filesUnmatched":0,"filesUpdated":0,"matched":0,"total":0,"unchecked":0,"uncheckedKeysByFile":[],"unmatched":0,"updated":0},"startTime":1774721740329,"success":false,"testResults":[{"assertionResults":[{"ancestorTitles":["team controller"],"duration":3,"failing":false,"failureDetails":[],"failureMessages":[],"fullName":"team controller getTeamsByUser should return teams","invocations":1,"location":null,"numPassingAsserts":2,"retryReasons":[],"startAt":1774721742115,"status":"passed","title":"getTeamsByUser should return teams"},{"ancestorTitles":["team controller"],"duration":16,"failing":false,"failureDetails":[],"failureMessages":[],"fullName":"team controller getTeamsByUser should return 500 when service throws","invocations":1,"location":null,"numPassingAsserts":2,"retryReasons":[],"startAt":1774721742120,"status":"passed","title":"getTeamsByUser should return 500 when service throws"},{"ancestorTitles":["team controller"],"duration":1,"failing":false,"failureDetails":[],"failureMessages":[],"fullName":"team controller getTeamById should return a team","invocations":1,"location":null,"numPassingAsserts":2,"retryReasons":[],"startAt":1774721742137,"status":"passed","title":"getTeamById should return a team"},{"ancestorTitles":["team controller"],"duration":1,"failing":false,"failureDetails":[],"failureMessages":[],"fullName":"team controller getTeamById should return 404 when team is not found","invocations":1,"location":null,"numPassingAsserts":2,"retryReasons":[],"startAt":1774721742139,"status":"passed","title":"getTeamById should return 404 when team is not found"},{"ancestorTitles":["team controller"],"duration":0,"failing":false,"failureDetails":[],"failureMessages":[],"fullName":"team controller createTeam should return 201 with created team","invocations":1,"location":null,"numPassingAsserts":3,"retryReasons":[],"startAt":1774721742141,"status":"passed","title":"createTeam should return 201 with created team"},{"ancestorTitles":["team controller"],"duration":3,"failing":false,"failureDetails":[],"failureMessages":[],"fullName":"team controller createTeam should return 500 when service throws","invocations":1,"location":null,"numPassingAsserts":2,"retryReasons":[],"startAt":1774721742142,"status":"passed","title":"createTeam should return 500 when service throws"},{"ancestorTitles":["team controller"],"duration":2,"failing":false,"failureDetails":[{"matcherResult":{"message":"\u001b[2mexpect(\u001b[22m\u001b[31mjest.fn()\u001b[39m\u001b[2m).\u001b[22mnot\u001b[2m.\u001b[22mtoHaveBeenCalled\u001b[2m()\u001b[22m\n\nExpected number of calls: \u001b[32m0\u001b[39m\nReceived number of calls: \u001b[31m1\u001b[39m\n\n1: \u001b[31m{\"name\": undefined, \"pokemons\": [], \"userId\": \"1\"}\u001b[39m","pass":true}}],"failureMessages":["Error: \u001b[2mexpect(\u001b[22m\u001b[31mjest.fn()\u001b[39m\u001b[2m).\u001b[22mnot\u001b[2m.\u001b[22mtoHaveBeenCalled\u001b[2m()\u001b[22m\n\nExpected number of calls: \u001b[32m0\u001b[39m\nReceived number of calls: \u001b[31m1\u001b[39m\n\n1: \u001b[31m{\"name\": undefined, \"pokemons\": [], \"userId\": \"1\"}\u001b[39m\n    at Object.<anonymous> (D:\\Bureau\\Coordination-front-back\\btp\\team-service\\tests\\unit\\controllers\\team.test.ts:145:40)"],"fullName":"team controller createTeam should return 400 when name is missing","invocations":1,"location":null,"numPassingAsserts":2,"retryReasons":[],"startAt":1774721742146,"status":"failed","title":"createTeam should return 400 when name is missing"},{"ancestorTitles":["team controller"],"duration":3,"failing":false,"failureDetails":[],"failureMessages":[],"fullName":"team controller updateTeam should return 204 when updated","invocations":1,"location":null,"numPassingAsserts":3,"retryReasons":[],"startAt":1774721742148,"status":"passed","title":"updateTeam should return 204 when updated"},{"ancestorTitles":["team controller"],"duration":2,"failing":false,"failureDetails":[{"matcherResult":{"message":"\u001b[2mexpect(\u001b[22m\u001b[31mjest.fn()\u001b[39m\u001b[2m).\u001b[22mnot\u001b[2m.\u001b[22mtoHaveBeenCalled\u001b[2m()\u001b[22m\n\nExpected number of calls: \u001b[32m0\u001b[39m\nReceived number of calls: \u001b[31m1\u001b[39m\n\n1: \u001b[31m\"2\"\u001b[39m, \u001b[31m{\"name\": undefined, \"pokemons\": []}\u001b[39m","pass":true}}],"failureMessages":["Error: \u001b[2mexpect(\u001b[22m\u001b[31mjest.fn()\u001b[39m\u001b[2m).\u001b[22mnot\u001b[2m.\u001b[22mtoHaveBeenCalled\u001b[2m()\u001b[22m\n\nExpected number of calls: \u001b[32m0\u001b[39m\nReceived number of calls: \u001b[31m1\u001b[39m\n\n1: \u001b[31m\"2\"\u001b[39m, \u001b[31m{\"name\": undefined, \"pokemons\": []}\u001b[39m\n    at Object.<anonymous> (D:\\Bureau\\Coordination-front-back\\btp\\team-service\\tests\\unit\\controllers\\team.test.ts:185:40)"],"fullName":"team controller updateTeam should return 400 when name is missing","invocations":1,"location":null,"numPassingAsserts":2,"retryReasons":[],"startAt":1774721742151,"status":"failed","title":"updateTeam should return 400 when name is missing"},{"ancestorTitles":["team controller"],"duration":1,"failing":false,"failureDetails":[],"failureMessages":[],"fullName":"team controller updateTeam should return 404 when team is not found","invocations":1,"location":null,"numPassingAsserts":2,"retryReasons":[],"startAt":1774721742153,"status":"passed","title":"updateTeam should return 404 when team is not found"},{"ancestorTitles":["team controller"],"duration":0,"failing":false,"failureDetails":[],"failureMessages":[],"fullName":"team controller deleteTeam should return 204 when deleted","invocations":1,"location":null,"numPassingAsserts":3,"retryReasons":[],"startAt":1774721742155,"status":"passed","title":"deleteTeam should return 204 when deleted"},{"ancestorTitles":["team controller"],"duration":0,"failing":false,"failureDetails":[],"failureMessages":[],"fullName":"team controller deleteTeam should return 404 when team is not found","invocations":1,"location":null,"numPassingAsserts":2,"retryReasons":[],"startAt":1774721742156,"status":"passed","title":"deleteTeam should return 404 when team is not found"},{"ancestorTitles":["team controller"],"duration":1,"failing":false,"failureDetails":[],"failureMessages":[],"fullName":"team controller deleteTeam should return 500 when service throws","invocations":1,"location":null,"numPassingAsserts":2,"retryReasons":[],"startAt":1774721742156,"status":"passed","title":"deleteTeam should return 500 when service throws"}],"endTime":1774721742183,"message":"\u001b[1m\u001b[31m  \u001b[1m● \u001b[22m\u001b[1mteam controller › createTeam should return 400 when name is missing\u001b[39m\u001b[22m\n\n    \u001b[2mexpect(\u001b[22m\u001b[31mjest.fn()\u001b[39m\u001b[2m).\u001b[22mnot\u001b[2m.\u001b[22mtoHaveBeenCalled\u001b[2m()\u001b[22m\n\n    Expected number of calls: \u001b[32m0\u001b[39m\n    Received number of calls: \u001b[31m1\u001b[39m\n\n    1: \u001b[31m{\"name\": undefined, \"pokemons\": [], \"userId\": \"1\"}\u001b[39m\n\u001b[2m\u001b[22m\n\u001b[2m    \u001b[0m \u001b[90m 143 |\u001b[39m     expect(res\u001b[33m.\u001b[39mstatus)\u001b[33m.\u001b[39mtoHaveBeenCalledWith(\u001b[35m400\u001b[39m)\u001b[33m;\u001b[39m\u001b[22m\n\u001b[2m     \u001b[90m 144 |\u001b[39m     expect(res\u001b[33m.\u001b[39mjson)\u001b[33m.\u001b[39mtoHaveBeenCalledWith({ message\u001b[33m:\u001b[39m \u001b[32m'Name are missing'\u001b[39m })\u001b[33m;\u001b[39m\u001b[22m\n\u001b[2m    \u001b[31m\u001b[1m>\u001b[22m\u001b[2m\u001b[39m\u001b[90m 145 |\u001b[39m     expect(teamService\u001b[33m.\u001b[39mcreateTeam)\u001b[33m.\u001b[39mnot\u001b[33m.\u001b[39mtoHaveBeenCalled()\u001b[33m;\u001b[39m\u001b[22m\n\u001b[2m     \u001b[90m     |\u001b[39m                                        \u001b[31m\u001b[1m^\u001b[22m\u001b[2m\u001b[39m\u001b[22m\n\u001b[2m     \u001b[90m 146 |\u001b[39m   })\u001b[33m;\u001b[39m\u001b[22m\n\u001b[2m     \u001b[90m 147 |\u001b[39m\u001b[22m\n\u001b[2m     \u001b[90m 148 |\u001b[39m   it(\u001b[32m'updateTeam should return 204 when updated'\u001b[39m\u001b[33m,\u001b[39m \u001b[36masync\u001b[39m () \u001b[33m=>\u001b[39m {\u001b[0m\u001b[22m\n\u001b[2m\u001b[22m\n\u001b[2m      \u001b[2mat Object.<anonymous> (\u001b[22m\u001b[2m\u001b[0m\u001b[36mtests/unit/controllers/team.test.ts\u001b[39m\u001b[0m\u001b[2m:145:40)\u001b[22m\u001b[2m\u001b[22m\n\n\u001b[1m\u001b[31m  \u001b[1m● \u001b[22m\u001b[1mteam controller › updateTeam should return 400 when name is missing\u001b[39m\u001b[22m\n\n    \u001b[2mexpect(\u001b[22m\u001b[31mjest.fn()\u001b[39m\u001b[2m).\u001b[22mnot\u001b[2m.\u001b[22mtoHaveBeenCalled\u001b[2m()\u001b[22m\n\n    Expected number of calls: \u001b[32m0\u001b[39m\n    Received number of calls: \u001b[31m1\u001b[39m\n\n    1: \u001b[31m\"2\"\u001b[39m, \u001b[31m{\"name\": undefined, \"pokemons\": []}\u001b[39m\n\u001b[2m\u001b[22m\n\u001b[2m    \u001b[0m \u001b[90m 183 |\u001b[39m     expect(res\u001b[33m.\u001b[39mstatus)\u001b[33m.\u001b[39mtoHaveBeenCalledWith(\u001b[35m400\u001b[39m)\u001b[33m;\u001b[39m\u001b[22m\n\u001b[2m     \u001b[90m 184 |\u001b[39m     expect(res\u001b[33m.\u001b[39mjson)\u001b[33m.\u001b[39mtoHaveBeenCalledWith({ message\u001b[33m:\u001b[39m \u001b[32m'Team name is required'\u001b[39m })\u001b[33m;\u001b[39m\u001b[22m\n\u001b[2m    \u001b[31m\u001b[1m>\u001b[22m\u001b[2m\u001b[39m\u001b[90m 185 |\u001b[39m     expect(teamService\u001b[33m.\u001b[39mupdateTeam)\u001b[33m.\u001b[39mnot\u001b[33m.\u001b[39mtoHaveBeenCalled()\u001b[33m;\u001b[39m\u001b[22m\n\u001b[2m     \u001b[90m     |\u001b[39m                                        \u001b[31m\u001b[1m^\u001b[22m\u001b[2m\u001b[39m\u001b[22m\n\u001b[2m     \u001b[90m 186 |\u001b[39m   })\u001b[33m;\u001b[39m\u001b[22m\n\u001b[2m     \u001b[90m 187 |\u001b[39m\u001b[22m\n\u001b[2m     \u001b[90m 188 |\u001b[39m   it(\u001b[32m'updateTeam should return 404 when team is not found'\u001b[39m\u001b[33m,\u001b[39m \u001b[36masync\u001b[39m () \u001b[33m=>\u001b[39m {\u001b[0m\u001b[22m\n\u001b[2m\u001b[22m\n\u001b[2m      \u001b[2mat Object.<anonymous> (\u001b[22m\u001b[2m\u001b[0m\u001b[36mtests/unit/controllers/team.test.ts\u001b[39m\u001b[0m\u001b[2m:185:40)\u001b[22m\u001b[2m\u001b[22m\n","name":"D:\\Bureau\\Coordination-front-back\\btp\\team-service\\tests\\unit\\controllers\\team.test.ts","startTime":1774721740612,"status":"failed","summary":""},{"assertionResults":[{"ancestorTitles":["Team Service E2E"],"duration":29,"failing":false,"failureDetails":[],"failureMessages":[],"fullName":"Team Service E2E GET / should return 401 without token","invocations":1,"location":null,"numPassingAsserts":2,"retryReasons":[],"startAt":1774721742751,"status":"passed","title":"GET / should return 401 without token"},{"ancestorTitles":["Team Service E2E"],"duration":7,"failing":false,"failureDetails":[],"failureMessages":[],"fullName":"Team Service E2E GET / should return 401 with invalid token","invocations":1,"location":null,"numPassingAsserts":2,"retryReasons":[],"startAt":1774721742781,"status":"passed","title":"GET / should return 401 with invalid token"},{"ancestorTitles":["Team Service E2E"],"duration":8,"failing":false,"failureDetails":[],"failureMessages":[],"fullName":"Team Service E2E GET / should return empty list if no teams","invocations":1,"location":null,"numPassingAsserts":2,"retryReasons":[],"startAt":1774721742789,"status":"passed","title":"GET / should return empty list if no teams"},{"ancestorTitles":["Team Service E2E"],"duration":6,"failing":false,"failureDetails":[],"failureMessages":[],"fullName":"Team Service E2E GET /:id should return team by id","invocations":1,"location":null,"numPassingAsserts":2,"retryReasons":[],"startAt":1774721742798,"status":"passed","title":"GET /:id should return team by id"},{"ancestorTitles":["Team Service E2E"],"duration":11,"failing":false,"failureDetails":[],"failureMessages":[],"fullName":"Team Service E2E GET /:id should return 404 when team is not found","invocations":1,"location":null,"numPassingAsserts":2,"retryReasons":[],"startAt":1774721742805,"status":"passed","title":"GET /:id should return 404 when team is not found"},{"ancestorTitles":["Team Service E2E"],"duration":21,"failing":false,"failureDetails":[],"failureMessages":[],"fullName":"Team Service E2E POST / should create a team","invocations":1,"location":null,"numPassingAsserts":2,"retryReasons":[],"startAt":1774721742817,"status":"passed","title":"POST / should create a team"},{"ancestorTitles":["Team Service E2E"],"duration":7,"failing":false,"failureDetails":[],"failureMessages":[],"fullName":"Team Service E2E POST / should return 400 when name is missing","invocations":1,"location":null,"numPassingAsserts":2,"retryReasons":[],"startAt":1774721742838,"status":"passed","title":"POST / should return 400 when name is missing"},{"ancestorTitles":["Team Service E2E"],"duration":9,"failing":false,"failureDetails":[],"failureMessages":[],"fullName":"Team Service E2E PUT /:id should return 204","invocations":1,"location":null,"numPassingAsserts":1,"retryReasons":[],"startAt":1774721742846,"status":"passed","title":"PUT /:id should return 204"},{"ancestorTitles":["Team Service E2E"],"duration":11,"failing":false,"failureDetails":[],"failureMessages":[],"fullName":"Team Service E2E PUT /:id should return 400 when name is missing","invocations":1,"location":null,"numPassingAsserts":2,"retryReasons":[],"startAt":1774721742856,"status":"passed","title":"PUT /:id should return 400 when name is missing"},{"ancestorTitles":["Team Service E2E"],"duration":8,"failing":false,"failureDetails":[],"failureMessages":[],"fullName":"Team Service E2E PUT /:id should return 404 when team is not found","invocations":1,"location":null,"numPassingAsserts":2,"retryReasons":[],"startAt":1774721742867,"status":"passed","title":"PUT /:id should return 404 when team is not found"},{"ancestorTitles":["Team Service E2E"],"duration":6,"failing":false,"failureDetails":[],"failureMessages":[],"fullName":"Team Service E2E DELETE /:id should return 204","invocations":1,"location":null,"numPassingAsserts":1,"retryReasons":[],"startAt":1774721742876,"status":"passed","title":"DELETE /:id should return 204"},{"ancestorTitles":["Team Service E2E"],"duration":6,"failing":false,"failureDetails":[],"failureMessages":[],"fullName":"Team Service E2E DELETE /:id should return 404 when team is not found","invocations":1,"location":null,"numPassingAsserts":2,"retryReasons":[],"startAt":1774721742883,"status":"passed","title":"DELETE /:id should return 404 when team is not found"},{"ancestorTitles":["Team Service E2E"],"duration":15,"failing":false,"failureDetails":[],"failureMessages":[],"fullName":"Team Service E2E GET / should return 500 when service fails","invocations":1,"location":null,"numPassingAsserts":2,"retryReasons":[],"startAt":1774721742890,"status":"passed","title":"GET / should return 500 when service fails"}],"endTime":1774721742908,"message":"","name":"D:\\Bureau\\Coordination-front-back\\btp\\team-service\\tests\\e2e\\team.test.ts","startTime":1774721742209,"status":"passed","summary":""},{"assertionResults":[{"ancestorTitles":["JWT Utils (Team Service)"],"duration":1,"failing":false,"failureDetails":[],"failureMessages":[],"fullName":"JWT Utils (Team Service) should sign a token","invocations":1,"location":null,"numPassingAsserts":2,"retryReasons":[],"startAt":1774721743024,"status":"passed","title":"should sign a token"},{"ancestorTitles":["JWT Utils (Team Service)"],"duration":2,"failing":false,"failureDetails":[],"failureMessages":[],"fullName":"JWT Utils (Team Service) should verify a token","invocations":1,"location":null,"numPassingAsserts":2,"retryReasons":[],"startAt":1774721743027,"status":"passed","title":"should verify a token"}],"endTime":1774721743030,"message":"","name":"D:\\Bureau\\Coordination-front-back\\btp\\team-service\\tests\\unit\\utils\\jwt.test.ts","startTime":1774721742960,"status":"passed","summary":""}],"wasInterrupted":false}
